<?xml version="1.0" encoding="UTF-8"?>
<!-- Generated by org.testng.reporters.JUnitReportReporter -->
<testsuite hostname="MacKavitha.attlocal.net" failures="0" tests="3" name="runner.TestNgRunner" time="45.380" errors="0" timestamp="2024-06-30T23:14:08 PDT" skipped="0">
  <testcase classname="runner.TestNgRunner" name="runScenario" time="1.567"/>
  <system-out/>
  <testcase classname="runner.TestNgRunner" name="runScenario" time="41.873"/>
  <system-out/>
  <testcase classname="runner.TestNgRunner" name="runScenario" time="1.940"/>
  <system-out/>
</testsuite> <!-- runner.TestNgRunner -->
